[2015-09-17 16:46:46] [INFO ] 数据明文：201504169900001|201504169900001|1010|20150524|201519|20150524201519||6226900200218154|朱江|9|01|211103198405122331|中信银行||||M||13812345678|||||| - at com.alidao.cnpay.util.FundPayUtil.usr(FundPayUtil.java:143) 
[2015-09-17 16:46:46] [INFO ] 银联号：999999999999999 - at com.alidao.cnpay.util.FundPayUtil.usr(FundPayUtil.java:152) 
[2015-09-17 16:46:46] [INFO ] 银联公钥路径：cnp_usr_pbk.key - at com.alidao.cnpay.util.FundPayUtil.usr(FundPayUtil.java:153) 
[2015-09-17 16:46:46] [INFO ] EncMsg：A46CEAD977EFA3FA9100D67B3A8AD2DA7359B5CD85BB5FE1B15AC0415F2003F5BCF0913D06F3C055ABA7A77C19C828E3A967FCD925328A7B89D9EA82C29CAD54FDFF92F77B9C74735DFD11B5D13CB52EAADB03F05EF7CD3F260A643E2557EAFF0FE131EE3AF3682AF204E6DAC997C7EE26D9470C222A550CB94482FEC92671B201479DFBA2A264ACFB92CAA0D2337417370F7DFC89CCA0A9D67E2CB1BDC07E83B2372393980EBC192C840B8A3D2042CCD59F56FF637A297C44BB68F2B6E71C1EECE1C65EC9B8BDC39B2A577634BAA45288D7B909372007450BC7C9B781139A8E9A537E049F8D3D9BCBE3F3D60661C60B1AD641DCFD5423B18A1A574D00999A3D38590806AFA8AC2F4019E4715A1A831C76F403A12EF2D0078836,MsgLen：564 - at com.alidao.cnpay.util.FundPayUtil.usr(FundPayUtil.java:154) 
[2015-09-17 16:46:46] [INFO ] 商户号：201504169900001 - at com.alidao.cnpay.util.FundPayUtil.usr(FundPayUtil.java:168) 
[2015-09-17 16:46:46] [INFO ] 商户私钥路径：cnp_usr_prk.key - at com.alidao.cnpay.util.FundPayUtil.usr(FundPayUtil.java:169) 
[2015-09-17 16:46:46] [INFO ] SgnMsg：62225227135C5B334FE548C209C0D89C48364ED54DA0CF1235AAAEB393C9937EA7BC3222BFC3A9391B11B42122741F631DA6E3B7DFF634880DC8E12559921990B9D20BADED01D218A3C6EA2AB70C02662C1D243D5EC113610E169049B220377C32EE34DDFB4EC5B994721BF7462E87CA7349E178B92A831F8F560BECC2F4E5E8,SgnMsg：256 - at com.alidao.cnpay.util.FundPayUtil.usr(FundPayUtil.java:170) 
[2015-09-17 16:46:46] [DEBUG] CookieSpec selected: best-match - at org.apache.http.client.protocol.RequestAddCookies.process(RequestAddCookies.java:122) 
[2015-09-17 16:46:46] [DEBUG] Auth cache not set in the context - at org.apache.http.client.protocol.RequestAuthCache.process(RequestAuthCache.java:75) 
[2015-09-17 16:46:46] [DEBUG] Connection request: [route: {}->http://140.206.112.248:80][total kept alive: 0; route allocated: 0 of 2; total allocated: 0 of 20] - at org.apache.http.impl.conn.PoolingHttpClientConnectionManager.requestConnection(PoolingHttpClientConnectionManager.java:215) 
[2015-09-17 16:46:46] [DEBUG] Connection leased: [id: 0][route: {}->http://140.206.112.248:80][total kept alive: 0; route allocated: 1 of 2; total allocated: 1 of 20] - at org.apache.http.impl.conn.PoolingHttpClientConnectionManager.leaseConnection(PoolingHttpClientConnectionManager.java:246) 
[2015-09-17 16:46:46] [DEBUG] Opening connection {}->http://140.206.112.248:80 - at org.apache.http.impl.execchain.MainClientExec.execute(MainClientExec.java:216) 
[2015-09-17 16:46:46] [DEBUG] Connecting to /140.206.112.248:80 - at org.apache.http.impl.conn.HttpClientConnectionOperator.connect(HttpClientConnectionOperator.java:114) 
[2015-09-17 16:46:46] [DEBUG] Executing request POST /fundWeb/genOrderServlet HTTP/1.1 - at org.apache.http.impl.execchain.MainClientExec.execute(MainClientExec.java:237) 
[2015-09-17 16:46:46] [DEBUG] Target auth state: UNCHALLENGED - at org.apache.http.impl.execchain.MainClientExec.execute(MainClientExec.java:242) 
[2015-09-17 16:46:46] [DEBUG] Proxy auth state: UNCHALLENGED - at org.apache.http.impl.execchain.MainClientExec.execute(MainClientExec.java:248) 
[2015-09-17 16:46:46] [DEBUG] http-outgoing-0 >> POST /fundWeb/genOrderServlet HTTP/1.1 - at org.apache.http.impl.conn.LoggingManagedHttpClientConnection.onRequestSubmitted(LoggingManagedHttpClientConnection.java:124) 
[2015-09-17 16:46:46] [DEBUG] http-outgoing-0 >> Connection: keep-alive - at org.apache.http.impl.conn.LoggingManagedHttpClientConnection.onRequestSubmitted(LoggingManagedHttpClientConnection.java:127) 
[2015-09-17 16:46:46] [DEBUG] http-outgoing-0 >> Connection_type: application/x-www-form-urlencoded - at org.apache.http.impl.conn.LoggingManagedHttpClientConnection.onRequestSubmitted(LoggingManagedHttpClientConnection.java:127) 
[2015-09-17 16:46:46] [DEBUG] http-outgoing-0 >> Cache-Control: max-age=0 - at org.apache.http.impl.conn.LoggingManagedHttpClientConnection.onRequestSubmitted(LoggingManagedHttpClientConnection.java:127) 
[2015-09-17 16:46:46] [DEBUG] http-outgoing-0 >> User-Agent: fast.standard.client/1.0 - at org.apache.http.impl.conn.LoggingManagedHttpClientConnection.onRequestSubmitted(LoggingManagedHttpClientConnection.java:127) 
[2015-09-17 16:46:46] [DEBUG] http-outgoing-0 >> Accept: application/json, */* - at org.apache.http.impl.conn.LoggingManagedHttpClientConnection.onRequestSubmitted(LoggingManagedHttpClientConnection.java:127) 
[2015-09-17 16:46:46] [DEBUG] http-outgoing-0 >> Content-Length: 1009 - at org.apache.http.impl.conn.LoggingManagedHttpClientConnection.onRequestSubmitted(LoggingManagedHttpClientConnection.java:127) 
[2015-09-17 16:46:46] [DEBUG] http-outgoing-0 >> Content-Type: application/x-www-form-urlencoded; charset=UTF-8 - at org.apache.http.impl.conn.LoggingManagedHttpClientConnection.onRequestSubmitted(LoggingManagedHttpClientConnection.java:127) 
[2015-09-17 16:46:46] [DEBUG] http-outgoing-0 >> Host: 140.206.112.248 - at org.apache.http.impl.conn.LoggingManagedHttpClientConnection.onRequestSubmitted(LoggingManagedHttpClientConnection.java:127) 
[2015-09-17 16:46:46] [DEBUG] http-outgoing-0 >> Accept-Encoding: gzip,deflate - at org.apache.http.impl.conn.LoggingManagedHttpClientConnection.onRequestSubmitted(LoggingManagedHttpClientConnection.java:127) 
[2015-09-17 16:46:46] [DEBUG] http-outgoing-0 >> "POST /fundWeb/genOrderServlet HTTP/1.1[\r][\n]" - at org.apache.http.impl.conn.Wire.wire(Wire.java:72) 
[2015-09-17 16:46:46] [DEBUG] http-outgoing-0 >> "Connection: keep-alive[\r][\n]" - at org.apache.http.impl.conn.Wire.wire(Wire.java:72) 
[2015-09-17 16:46:46] [DEBUG] http-outgoing-0 >> "Connection_type: application/x-www-form-urlencoded[\r][\n]" - at org.apache.http.impl.conn.Wire.wire(Wire.java:72) 
[2015-09-17 16:46:46] [DEBUG] http-outgoing-0 >> "Cache-Control: max-age=0[\r][\n]" - at org.apache.http.impl.conn.Wire.wire(Wire.java:72) 
[2015-09-17 16:46:46] [DEBUG] http-outgoing-0 >> "User-Agent: fast.standard.client/1.0[\r][\n]" - at org.apache.http.impl.conn.Wire.wire(Wire.java:72) 
[2015-09-17 16:46:46] [DEBUG] http-outgoing-0 >> "Accept: application/json, */*[\r][\n]" - at org.apache.http.impl.conn.Wire.wire(Wire.java:72) 
[2015-09-17 16:46:46] [DEBUG] http-outgoing-0 >> "Content-Length: 1009[\r][\n]" - at org.apache.http.impl.conn.Wire.wire(Wire.java:72) 
[2015-09-17 16:46:46] [DEBUG] http-outgoing-0 >> "Content-Type: application/x-www-form-urlencoded; charset=UTF-8[\r][\n]" - at org.apache.http.impl.conn.Wire.wire(Wire.java:72) 
[2015-09-17 16:46:46] [DEBUG] http-outgoing-0 >> "Host: 140.206.112.248[\r][\n]" - at org.apache.http.impl.conn.Wire.wire(Wire.java:72) 
[2015-09-17 16:46:46] [DEBUG] http-outgoing-0 >> "Accept-Encoding: gzip,deflate[\r][\n]" - at org.apache.http.impl.conn.Wire.wire(Wire.java:72) 
[2015-09-17 16:46:46] [DEBUG] http-outgoing-0 >> "[\r][\n]" - at org.apache.http.impl.conn.Wire.wire(Wire.java:72) 
[2015-09-17 16:46:46] [DEBUG] http-outgoing-0 >> "returnUrl=http%3A%2F%2Flee1240.eicp.net%2Fghc%2Fcnpay%2Fsokey&transType=1010&fundTransTime=20150524201519&encMsg=A46CEAD977EFA3FA9100D67B3A8AD2DA7359B5CD85BB5FE1B15AC0415F2003F5BCF0913D06F3C055ABA7A77C19C828E3A967FCD925328A7B89D9EA82C29CAD54FDFF92F77B9C74735DFD11B5D13CB52EAADB03F05EF7CD3F260A643E2557EAFF0FE131EE3AF3682AF204E6DAC997C7EE26D9470C222A550CB94482FEC92671B201479DFBA2A264ACFB92CAA0D2337417370F7DFC89CCA0A9D67E2CB1BDC07E83B2372393980EBC192C840B8A3D2042CCD59F56FF637A297C44BB68F2B6E71C1EECE1C65EC9B8BDC39B2A577634BAA45288D7B909372007450BC7C9B781139A8E9A537E049F8D3D9BCBE3F3D60661C60B1AD641DCFD5423B18A1A574D00999A3D38590806AFA8AC2F4019E4715A1A831C76F403A12EF2D0078836&fundMerId=201504169900001&signMsg=62225227135C5B334FE548C209C0D89C48364ED54DA0CF1235AAAEB393C9937EA7BC3222BFC3A9391B11B42122741F631DA6E3B7DFF634880DC8E12559921990B9D20BADED01D218A3C6EA2AB70C02662C1D243D5EC113610E169049B220377C32EE34DDFB4EC5B994721BF7462E87CA7349E178B92A831F8F560BECC2F4E5E8&instuId=201504169900001&version=20040616" - at org.apache.http.impl.conn.Wire.wire(Wire.java:86) 
[2015-09-17 16:46:47] [DEBUG] http-outgoing-0 << "HTTP/1.1 200 OK[\r][\n]" - at org.apache.http.impl.conn.Wire.wire(Wire.java:72) 
[2015-09-17 16:46:47] [DEBUG] http-outgoing-0 << "Date: Thu, 17 Sep 2015 08:46:45 GMT[\r][\n]" - at org.apache.http.impl.conn.Wire.wire(Wire.java:72) 
[2015-09-17 16:46:47] [DEBUG] http-outgoing-0 << "Server: IBM_HTTP_Server[\r][\n]" - at org.apache.http.impl.conn.Wire.wire(Wire.java:72) 
[2015-09-17 16:46:47] [DEBUG] http-outgoing-0 << "Content-Length: 895[\r][\n]" - at org.apache.http.impl.conn.Wire.wire(Wire.java:72) 
[2015-09-17 16:46:47] [DEBUG] http-outgoing-0 << "Keep-Alive: timeout=10, max=100[\r][\n]" - at org.apache.http.impl.conn.Wire.wire(Wire.java:72) 
[2015-09-17 16:46:47] [DEBUG] http-outgoing-0 << "Connection: Keep-Alive[\r][\n]" - at org.apache.http.impl.conn.Wire.wire(Wire.java:72) 
[2015-09-17 16:46:47] [DEBUG] http-outgoing-0 << "Content-Type: text/html; charset=GBK[\r][\n]" - at org.apache.http.impl.conn.Wire.wire(Wire.java:72) 
[2015-09-17 16:46:47] [DEBUG] http-outgoing-0 << "Content-Language: zh-CN[\r][\n]" - at org.apache.http.impl.conn.Wire.wire(Wire.java:72) 
[2015-09-17 16:46:47] [DEBUG] http-outgoing-0 << "[\r][\n]" - at org.apache.http.impl.conn.Wire.wire(Wire.java:72) 
[2015-09-17 16:46:47] [DEBUG] http-outgoing-0 << "version=20040616&fundTransTime=20150524201519&instuId=201504169900001&fundMerId=201504169900001&transType=1010&encMsg=0D496DD4FEE4D73B9BD856B9ED004A80FF45AC45A99654E0A88FADF31AF3828850946C2362A54DA28940DC8FFBD01B10A97A8729949C9517180A159FAB0E78DF34EA5164F5AF1C72D4547D660807ABAC14DB1D5A577228E38A77EA1A9517D47D6C39B9FBCA7FA7B428098BE77799C5C0DDACCF46E332EE57EA3B0C34ECE516BB01085E7AE2FBF64A702842BC28C1D7DE07AF3AC72177E263F9DA6F3F13BD3F11B36E00F43D6E7E0136EAF680FF31CD8994FFC79D9C685289F7FF50CE5B543BDA1FC8879820CA58B82F231A1F2F21BD95EFACB907E6167C578FDC48D703842F196638F41F9C61F849429F19F4A2F1C6D5CCB5&signMsg=CCA68F1E6C5DABA639182B2E14FA335B545EEF7CA8036E36F52544C00AA7D9EDDE24F4199301A613DA467A0044939AB79983CCF4CA1064114BD76A3FE88C871470764485FD177A4247CEBB15FEE6CD4BA18F26EAA02DE1FD1A5422D83AB659B07D5CDFA8C299DAE75E502BB0200FA2E19BF88FDECCD936A42F93CCF8A53596BC&resv1=&resv2=&resv3=&resv4=" - at org.apache.http.impl.conn.Wire.wire(Wire.java:86) 
[2015-09-17 16:46:47] [DEBUG] http-outgoing-0 << HTTP/1.1 200 OK - at org.apache.http.impl.conn.LoggingManagedHttpClientConnection.onResponseReceived(LoggingManagedHttpClientConnection.java:113) 
[2015-09-17 16:46:47] [DEBUG] http-outgoing-0 << Date: Thu, 17 Sep 2015 08:46:45 GMT - at org.apache.http.impl.conn.LoggingManagedHttpClientConnection.onResponseReceived(LoggingManagedHttpClientConnection.java:116) 
[2015-09-17 16:46:47] [DEBUG] http-outgoing-0 << Server: IBM_HTTP_Server - at org.apache.http.impl.conn.LoggingManagedHttpClientConnection.onResponseReceived(LoggingManagedHttpClientConnection.java:116) 
[2015-09-17 16:46:47] [DEBUG] http-outgoing-0 << Content-Length: 895 - at org.apache.http.impl.conn.LoggingManagedHttpClientConnection.onResponseReceived(LoggingManagedHttpClientConnection.java:116) 
[2015-09-17 16:46:47] [DEBUG] http-outgoing-0 << Keep-Alive: timeout=10, max=100 - at org.apache.http.impl.conn.LoggingManagedHttpClientConnection.onResponseReceived(LoggingManagedHttpClientConnection.java:116) 
[2015-09-17 16:46:47] [DEBUG] http-outgoing-0 << Connection: Keep-Alive - at org.apache.http.impl.conn.LoggingManagedHttpClientConnection.onResponseReceived(LoggingManagedHttpClientConnection.java:116) 
[2015-09-17 16:46:47] [DEBUG] http-outgoing-0 << Content-Type: text/html; charset=GBK - at org.apache.http.impl.conn.LoggingManagedHttpClientConnection.onResponseReceived(LoggingManagedHttpClientConnection.java:116) 
[2015-09-17 16:46:47] [DEBUG] http-outgoing-0 << Content-Language: zh-CN - at org.apache.http.impl.conn.LoggingManagedHttpClientConnection.onResponseReceived(LoggingManagedHttpClientConnection.java:116) 
[2015-09-17 16:46:47] [DEBUG] Connection can be kept alive for 10000 MILLISECONDS - at org.apache.http.impl.execchain.MainClientExec.execute(MainClientExec.java:266) 
[2015-09-17 16:46:47] [DEBUG] Connection [id: 0][route: {}->http://140.206.112.248:80] can be kept alive for 10.0 seconds - at org.apache.http.impl.conn.PoolingHttpClientConnectionManager.releaseConnection(PoolingHttpClientConnectionManager.java:276) 
[2015-09-17 16:46:47] [DEBUG] Connection released: [id: 0][route: {}->http://140.206.112.248:80][total kept alive: 1; route allocated: 1 of 2; total allocated: 1 of 20] - at org.apache.http.impl.conn.PoolingHttpClientConnectionManager.releaseConnection(PoolingHttpClientConnectionManager.java:282) 
[2015-09-17 16:46:47] [INFO ] 返回数据：version=20040616&fundTransTime=20150524201519&instuId=201504169900001&fundMerId=201504169900001&transType=1010&encMsg=0D496DD4FEE4D73B9BD856B9ED004A80FF45AC45A99654E0A88FADF31AF3828850946C2362A54DA28940DC8FFBD01B10A97A8729949C9517180A159FAB0E78DF34EA5164F5AF1C72D4547D660807ABAC14DB1D5A577228E38A77EA1A9517D47D6C39B9FBCA7FA7B428098BE77799C5C0DDACCF46E332EE57EA3B0C34ECE516BB01085E7AE2FBF64A702842BC28C1D7DE07AF3AC72177E263F9DA6F3F13BD3F11B36E00F43D6E7E0136EAF680FF31CD8994FFC79D9C685289F7FF50CE5B543BDA1FC8879820CA58B82F231A1F2F21BD95EFACB907E6167C578FDC48D703842F196638F41F9C61F849429F19F4A2F1C6D5CCB5&signMsg=CCA68F1E6C5DABA639182B2E14FA335B545EEF7CA8036E36F52544C00AA7D9EDDE24F4199301A613DA467A0044939AB79983CCF4CA1064114BD76A3FE88C871470764485FD177A4247CEBB15FEE6CD4BA18F26EAA02DE1FD1A5422D83AB659B07D5CDFA8C299DAE75E502BB0200FA2E19BF88FDECCD936A42F93CCF8A53596BC&resv1=&resv2=&resv3=&resv4= - at com.alidao.cnpay.util.FundPayUtil.usr(FundPayUtil.java:198) 
[2015-09-17 16:46:47] [INFO ] DecMsg：201504169900001|201504169900001|1010|20150524|201519|20150524201519|20150917|164645|198999|F13|重复交易|||||,DecMsg：104 - at com.alidao.cnpay.util.FundPayUtil.usr(FundPayUtil.java:218) 
[2015-09-17 16:46:47] [INFO ] {"cpTransDate":"20150917","cpTransSerial":"198999","cpTransTime":"164645","fundMerId":"201504169900001","fundTransDate":"20150524","fundTransSerial":"20150524201519","fundTransTime":"201519","instuId":"201504169900001","message":"重复交易","responseCode":"F13","transType":"1010"} - at com.alidao.cnpay.util.FundPayUtil.usr(FundPayUtil.java:221) 
